starting 'C:/Program Files/STEMMER IMAGING/Common Vision Blox//Hardware/StemmerImaging/Utilities/GevFDXDiag.exe' with arguments ''
---
NTDDI_VERSION	=	100728832

VERSION INFO
DLL Build Type:		0
DLL Version:		1402200
Driver Build Type:	0
Driver Version:		1402320

NDIS INFO:
Miniport Version:	0
Protocol Version:	80
NDIS Version:	60054

SYSTEM INFO
Device Index:		0
Device Handle:		0000000000000108
Virtual Name:		\DEVICE\{02FC2588-A081-4271-9EDC-AD6543154E75}
Device Name:		{02FC2588-A081-4271-9EDC-AD6543154E75}-{3798D586-26C4-43C8-922E-17DB536F3A1B}-0000
Vendor Description:	" Realtek USB NIC"
Medium:			802.3
MAC Address:		00-E0-4C-68-0C-EE
Link Speed:		0

Device Index:		1
Device Handle:		0000000000000110
Virtual Name:		\DEVICE\{8C54B216-0227-4D20-9470-803238D01A8B}
Device Name:		{8C54B216-0227-4D20-9470-803238D01A8B}-{3798D586-26C4-43C8-922E-17DB536F3A1B}-0000
Vendor Description:	" Intel(R) Gigabit CT Desktop Adapter"
Medium:			802.3
MAC Address:		68-05-CA-94-B1-2F
Link Speed:		0

Device Index:		2
Device Handle:		0000000000000114
Virtual Name:		\DEVICE\{4D6B1B33-A483-4861-B816-A56F821CFE4C}
Device Name:		{4D6B1B33-A483-4861-B816-A56F821CFE4C}-{3798D586-26C4-43C8-922E-17DB536F3A1B}-0000
Vendor Description:	" Intel(R) Ethernet Connection (3) I219-LM"
Medium:			802.3
MAC Address:		54-BF-64-A1-1F-D6
Link Speed:		0

Device Index:		3
Device Handle:		0000000000000118
Virtual Name:		\DEVICE\{FDCA70A9-E0E7-4C6F-89A4-01F77B982B04}
Device Name:		{FDCA70A9-E0E7-4C6F-89A4-01F77B982B04}-{3798D586-26C4-43C8-922E-17DB536F3A1B}-0000
Vendor Description:	" Intel(R) Ethernet 10G 2P X520 Adapter"
Medium:			802.3
MAC Address:		B4-96-91-42-97-40
Link Speed:		0

Device Index:		4
Device Handle:		000000000000011C
Virtual Name:		\DEVICE\{67E31AB7-7950-403A-BD94-BAE436615E15}
Device Name:		{67E31AB7-7950-403A-BD94-BAE436615E15}-{3798D586-26C4-43C8-922E-17DB536F3A1B}-0000
Vendor Description:	" Intel(R) Ethernet 10G 2P X520 Adapter"
Medium:			802.3
MAC Address:		B4-96-91-42-97-42
Link Speed:		0


NETWORK STATISTIC
Device Index:				0
MiniportSendPacketsTotal:		12671
MiniportSendPacketsDropped:		0
MiniportSendPacketsBytesTotal:		0
MiniportSendPacketsBytesDropped:	0
ProtocolReceiveTotal:			0
ProtocolReceiveDropped:			0
ProtocolReceiveBytesTotal:		0
ProtocolReceiveBytesDropped:		0
ProtocolReceivePacketTotal:		1078050
ProtocolReceivePacketDropped:		0
ProtocolReceivePacketBytesTotal:	96306610
ProtocolReceivePacketBytesDropped:	0
ProtocolReceivePacketUDPTotal:		0
ProtocolReceivePacketUDPDropped:	0
ProtocolReceivePacketUDPBytesTotal:	0
ProtocolReceivePacketUDPBytesDropped:	0

Device Index:				1
MiniportSendPacketsTotal:		1772661
MiniportSendPacketsDropped:		0
MiniportSendPacketsBytesTotal:		0
MiniportSendPacketsBytesDropped:	0
ProtocolReceiveTotal:			0
ProtocolReceiveDropped:			0
ProtocolReceiveBytesTotal:		0
ProtocolReceiveBytesDropped:		0
ProtocolReceivePacketTotal:		3511364
ProtocolReceivePacketDropped:		0
ProtocolReceivePacketBytesTotal:	210944270
ProtocolReceivePacketBytesDropped:	0
ProtocolReceivePacketUDPTotal:		0
ProtocolReceivePacketUDPDropped:	0
ProtocolReceivePacketUDPBytesTotal:	0
ProtocolReceivePacketUDPBytesDropped:	0

Device Index:				2
MiniportSendPacketsTotal:		35812673
MiniportSendPacketsDropped:		0
MiniportSendPacketsBytesTotal:		0
MiniportSendPacketsBytesDropped:	0
ProtocolReceiveTotal:			0
ProtocolReceiveDropped:			0
ProtocolReceiveBytesTotal:		0
ProtocolReceiveBytesDropped:		0
ProtocolReceivePacketTotal:		41428679
ProtocolReceivePacketDropped:		0
ProtocolReceivePacketBytesTotal:	4364290403
ProtocolReceivePacketBytesDropped:	0
ProtocolReceivePacketUDPTotal:		0
ProtocolReceivePacketUDPDropped:	0
ProtocolReceivePacketUDPBytesTotal:	0
ProtocolReceivePacketUDPBytesDropped:	0

Device Index:				3
MiniportSendPacketsTotal:		2760035
MiniportSendPacketsDropped:		0
MiniportSendPacketsBytesTotal:		0
MiniportSendPacketsBytesDropped:	0
ProtocolReceiveTotal:			0
ProtocolReceiveDropped:			0
ProtocolReceiveBytesTotal:		0
ProtocolReceiveBytesDropped:		0
ProtocolReceivePacketTotal:		600687375
ProtocolReceivePacketDropped:		598259970
ProtocolReceivePacketBytesTotal:	4898908985049
ProtocolReceivePacketBytesDropped:	4898590200084
ProtocolReceivePacketUDPTotal:		598259970
ProtocolReceivePacketUDPDropped:	598259970
ProtocolReceivePacketUDPBytesTotal:	4898590200084
ProtocolReceivePacketUDPBytesDropped:	4898590200084

Device Index:				4
MiniportSendPacketsTotal:		0
MiniportSendPacketsDropped:		0
MiniportSendPacketsBytesTotal:		0
MiniportSendPacketsBytesDropped:	0
ProtocolReceiveTotal:			0
ProtocolReceiveDropped:			0
ProtocolReceiveBytesTotal:		0
ProtocolReceiveBytesDropped:		0
ProtocolReceivePacketTotal:		0
ProtocolReceivePacketDropped:		0
ProtocolReceivePacketBytesTotal:	0
ProtocolReceivePacketBytesDropped:	0
ProtocolReceivePacketUDPTotal:		0
ProtocolReceivePacketUDPDropped:	0
ProtocolReceivePacketUDPBytesTotal:	0
ProtocolReceivePacketUDPBytesDropped:	0


Device Index:	0
Vendor Description:	" Realtek USB NIC"
MAC Address:	00-E0-4C-68-0C-EE
OID_GEN_SUPPORTED_LIST			=	not supported
OID_GEN_HARDWARE_STATUS		=	0
OID_GEN_MEDIA_SUPPORTED		=	0
OID_GEN_MEDIA_IN_USE			=	0
OID_GEN_MAXIMUM_LOOKAHEAD		=	512
OID_GEN_MAXIMUM_FRAME_SIZE		=	not supported
OID_GEN_LINK_SPEED			=	not supported
OID_GEN_TRANSMIT_BUFFER_SPACE		=	49152
OID_GEN_RECEIVE_BUFFER_SPACE		=	98304
OID_GEN_TRANSMIT_BLOCK_SIZE		=	1514
OID_GEN_RECEIVE_BLOCK_SIZE		=	1514
OID_GEN_VENDOR_ID			=	1749868544
OID_GEN_VENDOR_DESCRIPTION		=	not supported
OID_GEN_CURRENT_PACKET_FILTER		=	11

OID_GEN_DRIVER_VERSION			=	1576
OID_GEN_MAXIMUM_TOTAL_SIZE		=	1514

OID_GEN_MAC_OPTIONS			=	205
OID_GEN_MEDIA_CONNECT_STATUS		=	not supported
OID_GEN_MAXIMUM_SEND_PACKETS		=	768

OID_GEN_XMIT_OK				=	1058
OID_GEN_RCV_OK				=	58254
OID_GEN_XMIT_ERROR			=	0
OID_GEN_RCV_ERROR			=	0
OID_GEN_RCV_NO_BUFFER			=	0

OID_GEN_DIRECTED_BYTES_XMIT		=	1518
OID_GEN_DIRECTED_FRAMES_XMIT		=	11
OID_GEN_MULTICAST_BYTES_XMIT		=	1323728
OID_GEN_MULTICAST_FRAMES_XMIT		=	8376
OID_GEN_BROADCAST_BYTES_XMIT		=	1042161
OID_GEN_BROADCAST_FRAMES_XMIT		=	4278
OID_GEN_DIRECTED_BYTES_RCV		=	19563
OID_GEN_DIRECTED_FRAMES_RCV		=	0
OID_GEN_MULTICAST_BYTES_RCV		=	31647982
OID_GEN_MULTICAST_FRAMES_RCV		=	8057
OID_GEN_BROADCAST_BYTES_RCV		=	64639065
OID_GEN_BROADCAST_FRAMES_RCV		=	50197
OID_GEN_RCV_CRC_ERROR			=	0
OID_GEN_TRANSMIT_QUEUE_LENGTH		=	0
OID_GEN_GET_TIME_CAPS			=	not supported
OID_GEN_GET_NETCARD_TIME		=	not supported
OID_GEN_NETCARD_LOAD			=	not supported
OID_GEN_DEVICE_PROFILE			=	not supported

OID_GEN_RECEIVE_SCALE_PARAMETERS		=	not supported
OID_GEN_RECEIVE_SCALE_CAPABILITIES		=	not supported
Device Index:	1
Vendor Description:	" Intel(R) Gigabit CT Desktop Adapter"
MAC Address:	68-05-CA-94-B1-2F
OID_GEN_SUPPORTED_LIST			=	not supported
OID_GEN_HARDWARE_STATUS		=	0
OID_GEN_MEDIA_SUPPORTED		=	0
OID_GEN_MEDIA_IN_USE			=	0
OID_GEN_MAXIMUM_LOOKAHEAD		=	512
OID_GEN_MAXIMUM_FRAME_SIZE		=	not supported
OID_GEN_LINK_SPEED			=	not supported
OID_GEN_TRANSMIT_BUFFER_SPACE		=	9230336
OID_GEN_RECEIVE_BUFFER_SPACE		=	36954112
OID_GEN_TRANSMIT_BLOCK_SIZE		=	9014
OID_GEN_RECEIVE_BLOCK_SIZE		=	9014
OID_GEN_VENDOR_ID			=	13239656
OID_GEN_VENDOR_DESCRIPTION		=	not supported
OID_GEN_CURRENT_PACKET_FILTER		=	11

OID_GEN_DRIVER_VERSION			=	1586
OID_GEN_MAXIMUM_TOTAL_SIZE		=	9014

OID_GEN_MAC_OPTIONS			=	717
OID_GEN_MEDIA_CONNECT_STATUS		=	not supported
OID_GEN_MAXIMUM_SEND_PACKETS		=	0

OID_GEN_XMIT_OK				=	129961
OID_GEN_RCV_OK				=	256302
OID_GEN_XMIT_ERROR			=	0
OID_GEN_RCV_ERROR			=	0
OID_GEN_RCV_NO_BUFFER			=	0

OID_GEN_DIRECTED_BYTES_XMIT		=	7764449
OID_GEN_DIRECTED_FRAMES_XMIT		=	128811
OID_GEN_MULTICAST_BYTES_XMIT		=	118705
OID_GEN_MULTICAST_FRAMES_XMIT		=	636
OID_GEN_BROADCAST_BYTES_XMIT		=	31316
OID_GEN_BROADCAST_FRAMES_XMIT		=	514
OID_GEN_DIRECTED_BYTES_RCV		=	15391163
OID_GEN_DIRECTED_FRAMES_RCV		=	256181
OID_GEN_MULTICAST_BYTES_RCV		=	658
OID_GEN_MULTICAST_FRAMES_RCV		=	2
OID_GEN_BROADCAST_BYTES_RCV		=	7140
OID_GEN_BROADCAST_FRAMES_RCV		=	119
OID_GEN_RCV_CRC_ERROR			=	0
OID_GEN_TRANSMIT_QUEUE_LENGTH		=	0
OID_GEN_GET_TIME_CAPS			=	not supported
OID_GEN_GET_NETCARD_TIME		=	not supported
OID_GEN_NETCARD_LOAD			=	not supported
OID_GEN_DEVICE_PROFILE			=	not supported

OID_GEN_RECEIVE_SCALE_PARAMETERS		=	not supported
OID_GEN_RECEIVE_SCALE_CAPABILITIES		=	not supported
Device Index:	2
Vendor Description:	" Intel(R) Ethernet Connection (3) I219-LM"
MAC Address:	54-BF-64-A1-1F-D6
OID_GEN_SUPPORTED_LIST			=	not supported
OID_GEN_HARDWARE_STATUS		=	0
OID_GEN_MEDIA_SUPPORTED		=	0
OID_GEN_MEDIA_IN_USE			=	0
OID_GEN_MAXIMUM_LOOKAHEAD		=	512
OID_GEN_MAXIMUM_FRAME_SIZE		=	not supported
OID_GEN_LINK_SPEED			=	not supported
OID_GEN_TRANSMIT_BUFFER_SPACE		=	775168
OID_GEN_RECEIVE_BUFFER_SPACE		=	389632
OID_GEN_TRANSMIT_BLOCK_SIZE		=	1514
OID_GEN_RECEIVE_BLOCK_SIZE		=	1514
OID_GEN_VENDOR_ID			=	6602580
OID_GEN_VENDOR_DESCRIPTION		=	not supported
OID_GEN_CURRENT_PACKET_FILTER		=	11

OID_GEN_DRIVER_VERSION			=	1586
OID_GEN_MAXIMUM_TOTAL_SIZE		=	1514

OID_GEN_MAC_OPTIONS			=	717
OID_GEN_MEDIA_CONNECT_STATUS		=	not supported
OID_GEN_MAXIMUM_SEND_PACKETS		=	0

OID_GEN_XMIT_OK				=	120965
OID_GEN_RCV_OK				=	229363
OID_GEN_XMIT_ERROR			=	0
OID_GEN_RCV_ERROR			=	0
OID_GEN_RCV_NO_BUFFER			=	0

OID_GEN_DIRECTED_BYTES_XMIT		=	16624398
OID_GEN_DIRECTED_FRAMES_XMIT		=	120236
OID_GEN_MULTICAST_BYTES_XMIT		=	76260
OID_GEN_MULTICAST_FRAMES_XMIT		=	551
OID_GEN_BROADCAST_BYTES_XMIT		=	25644
OID_GEN_BROADCAST_FRAMES_XMIT		=	178
OID_GEN_DIRECTED_BYTES_RCV		=	332216263
OID_GEN_DIRECTED_FRAMES_RCV		=	229202
OID_GEN_MULTICAST_BYTES_RCV		=	678
OID_GEN_MULTICAST_FRAMES_RCV		=	7
OID_GEN_BROADCAST_BYTES_RCV		=	19431
OID_GEN_BROADCAST_FRAMES_RCV		=	154
OID_GEN_RCV_CRC_ERROR			=	0
OID_GEN_TRANSMIT_QUEUE_LENGTH		=	0
OID_GEN_GET_TIME_CAPS			=	not supported
OID_GEN_GET_NETCARD_TIME		=	not supported
OID_GEN_NETCARD_LOAD			=	not supported
OID_GEN_DEVICE_PROFILE			=	not supported


OID_GEN_RECEIVE_SCALE_CAPABILITIES		=	not supported
Device Index:	3
Vendor Description:	" Intel(R) Ethernet 10G 2P X520 Adapter"
MAC Address:	B4-96-91-42-97-40
OID_GEN_SUPPORTED_LIST			=	not supported
OID_GEN_HARDWARE_STATUS		=	0
OID_GEN_MEDIA_SUPPORTED		=	0
OID_GEN_MEDIA_IN_USE			=	0
OID_GEN_MAXIMUM_LOOKAHEAD		=	512
OID_GEN_MAXIMUM_FRAME_SIZE		=	not supported
OID_GEN_LINK_SPEED			=	not supported
OID_GEN_TRANSMIT_BUFFER_SPACE		=	36921344
OID_GEN_RECEIVE_BUFFER_SPACE		=	67108864
OID_GEN_TRANSMIT_BLOCK_SIZE		=	9014
OID_GEN_RECEIVE_BLOCK_SIZE		=	9014
OID_GEN_VENDOR_ID			=	9541300
OID_GEN_VENDOR_DESCRIPTION		=	not supported
OID_GEN_CURRENT_PACKET_FILTER		=	11

OID_GEN_DRIVER_VERSION			=	1596
OID_GEN_MAXIMUM_TOTAL_SIZE		=	9014

OID_GEN_MAC_OPTIONS			=	717
OID_GEN_MEDIA_CONNECT_STATUS		=	not supported
OID_GEN_MAXIMUM_SEND_PACKETS		=	0

OID_GEN_XMIT_OK				=	170058
OID_GEN_RCV_OK				=	78998393
OID_GEN_XMIT_ERROR			=	0
OID_GEN_RCV_ERROR			=	0
OID_GEN_RCV_NO_BUFFER			=	46

OID_GEN_DIRECTED_BYTES_XMIT		=	47586605
OID_GEN_DIRECTED_FRAMES_XMIT		=	168680
OID_GEN_MULTICAST_BYTES_XMIT		=	79577
OID_GEN_MULTICAST_FRAMES_XMIT		=	587
OID_GEN_BROADCAST_BYTES_XMIT		=	119599
OID_GEN_BROADCAST_FRAMES_XMIT		=	791
OID_GEN_DIRECTED_BYTES_RCV		=	645991542994
OID_GEN_DIRECTED_FRAMES_RCV		=	78998140
OID_GEN_MULTICAST_BYTES_RCV		=	0
OID_GEN_MULTICAST_FRAMES_RCV		=	0
OID_GEN_BROADCAST_BYTES_RCV		=	85680
OID_GEN_BROADCAST_FRAMES_RCV		=	253
OID_GEN_RCV_CRC_ERROR			=	0
OID_GEN_TRANSMIT_QUEUE_LENGTH		=	0
OID_GEN_GET_TIME_CAPS			=	not supported
OID_GEN_GET_NETCARD_TIME		=	not supported
OID_GEN_NETCARD_LOAD			=	not supported
OID_GEN_DEVICE_PROFILE			=	not supported

OID_GEN_RECEIVE_SCALE_PARAMETERS		=	not supported
OID_GEN_RECEIVE_SCALE_CAPABILITIES		=	not supported
Device Index:	4
Vendor Description:	" Intel(R) Ethernet 10G 2P X520 Adapter"
MAC Address:	B4-96-91-42-97-42
OID_GEN_SUPPORTED_LIST			=	not supported
OID_GEN_HARDWARE_STATUS		=	0
OID_GEN_MEDIA_SUPPORTED		=	0
OID_GEN_MEDIA_IN_USE			=	0
OID_GEN_MAXIMUM_LOOKAHEAD		=	512
OID_GEN_MAXIMUM_FRAME_SIZE		=	not supported
OID_GEN_LINK_SPEED			=	not supported
OID_GEN_TRANSMIT_BUFFER_SPACE		=	36921344
OID_GEN_RECEIVE_BUFFER_SPACE		=	67108864
OID_GEN_TRANSMIT_BLOCK_SIZE		=	9014
OID_GEN_RECEIVE_BLOCK_SIZE		=	9014
OID_GEN_VENDOR_ID			=	9541300
OID_GEN_VENDOR_DESCRIPTION		=	not supported
OID_GEN_CURRENT_PACKET_FILTER		=	11

OID_GEN_DRIVER_VERSION			=	1596
OID_GEN_MAXIMUM_TOTAL_SIZE		=	9014

OID_GEN_MAC_OPTIONS			=	717
OID_GEN_MEDIA_CONNECT_STATUS		=	not supported
OID_GEN_MAXIMUM_SEND_PACKETS		=	0

OID_GEN_XMIT_OK				=	0
OID_GEN_RCV_OK				=	0
OID_GEN_XMIT_ERROR			=	0
OID_GEN_RCV_ERROR			=	0
OID_GEN_RCV_NO_BUFFER			=	0

OID_GEN_DIRECTED_BYTES_XMIT		=	0
OID_GEN_DIRECTED_FRAMES_XMIT		=	0
OID_GEN_MULTICAST_BYTES_XMIT		=	0
OID_GEN_MULTICAST_FRAMES_XMIT		=	0
OID_GEN_BROADCAST_BYTES_XMIT		=	0
OID_GEN_BROADCAST_FRAMES_XMIT		=	0
OID_GEN_DIRECTED_BYTES_RCV		=	0
OID_GEN_DIRECTED_FRAMES_RCV		=	0
OID_GEN_MULTICAST_BYTES_RCV		=	0
OID_GEN_MULTICAST_FRAMES_RCV		=	0
OID_GEN_BROADCAST_BYTES_RCV		=	0
OID_GEN_BROADCAST_FRAMES_RCV		=	0
OID_GEN_RCV_CRC_ERROR			=	0
OID_GEN_TRANSMIT_QUEUE_LENGTH		=	0
OID_GEN_GET_TIME_CAPS			=	not supported
OID_GEN_GET_NETCARD_TIME		=	not supported
OID_GEN_NETCARD_LOAD			=	not supported
OID_GEN_DEVICE_PROFILE			=	not supported


OID_GEN_RECEIVE_SCALE_CAPABILITIES		=	not supported




---
Exit code: 0

